Using pre-set license
Built from '2022.3/staging' branch; Version is '2022.3.42f1 (2dcb6a0abc42) revision 3001194'; Using compiler version '192829333'; Build Type 'Release'
OS: 'Windows 11  (10.0.26100) 64bit Core' Language: 'ko' Physical Memory: 16066 MB
BatchMode: 1, IsHumanControllingUs: 0, StartBugReporterOnCrash: 0, Is64bit: 1, IsPro: 1

COMMAND LINE ARGUMENTS:
C:\Program Files\Unity\Hub\Editor\2022.3.42f1\Editor\Unity.exe
-adb2
-batchMode
-noUpm
-name
AssetImportWorker1
-projectPath
C:/KJW/24-2/VR/Project/ParkingSimulator/FinalProject
-logFile
Logs/AssetImportWorker1.log
-srvPort
50318
Successfully changed project path to: C:/KJW/24-2/VR/Project/ParkingSimulator/FinalProject
C:/KJW/24-2/VR/Project/ParkingSimulator/FinalProject
[UnityMemory] Configuration Parameters - Can be set up in boot.config
    "memorysetup-bucket-allocator-granularity=16"
    "memorysetup-bucket-allocator-bucket-count=8"
    "memorysetup-bucket-allocator-block-size=33554432"
    "memorysetup-bucket-allocator-block-count=8"
    "memorysetup-main-allocator-block-size=16777216"
    "memorysetup-thread-allocator-block-size=16777216"
    "memorysetup-gfx-main-allocator-block-size=16777216"
    "memorysetup-gfx-thread-allocator-block-size=16777216"
    "memorysetup-cache-allocator-block-size=4194304"
    "memorysetup-typetree-allocator-block-size=2097152"
    "memorysetup-profiler-bucket-allocator-granularity=16"
    "memorysetup-profiler-bucket-allocator-bucket-count=8"
    "memorysetup-profiler-bucket-allocator-block-size=33554432"
    "memorysetup-profiler-bucket-allocator-block-count=8"
    "memorysetup-profiler-allocator-block-size=16777216"
    "memorysetup-profiler-editor-allocator-block-size=1048576"
    "memorysetup-temp-allocator-size-main=16777216"
    "memorysetup-job-temp-allocator-block-size=2097152"
    "memorysetup-job-temp-allocator-block-size-background=1048576"
    "memorysetup-job-temp-allocator-reduction-small-platforms=262144"
    "memorysetup-allocator-temp-initial-block-size-main=262144"
    "memorysetup-allocator-temp-initial-block-size-worker=262144"
    "memorysetup-temp-allocator-size-background-worker=32768"
    "memorysetup-temp-allocator-size-job-worker=262144"
    "memorysetup-temp-allocator-size-preload-manager=33554432"
    "memorysetup-temp-allocator-size-nav-mesh-worker=65536"
    "memorysetup-temp-allocator-size-audio-worker=65536"
    "memorysetup-temp-allocator-size-cloud-worker=32768"
    "memorysetup-temp-allocator-size-gi-baking-worker=262144"
    "memorysetup-temp-allocator-size-gfx=262144"
Player connection [13844]  Target information:

Player connection [13844]  * "[IP] 172.30.1.56 [Port] 0 [Flags] 2 [Guid] 1380995550 [EditorId] 1380995550 [Version] 1048832 [Id] WindowsEditor(7,mellohn) [Debug] 1 [PackageName] WindowsEditor [ProjectName] Editor" 

Player connection [13844] Host joined multi-casting on [225.0.0.222:54997]...
Player connection [13844] Host joined alternative multi-casting on [225.0.0.222:34997]...
[PhysX] Initialized MultithreadedTaskDispatcher with 16 workers.
Refreshing native plugins compatible for Editor in 12.96 ms, found 3 plugins.
Preloading 0 native plugins for Editor in 0.00 ms.
Initialize engine version: 2022.3.42f1 (2dcb6a0abc42)
[Subsystems] Discovering subsystems at path C:/Program Files/Unity/Hub/Editor/2022.3.42f1/Editor/Data/Resources/UnitySubsystems
[Subsystems] Discovering subsystems at path C:/KJW/24-2/VR/Project/ParkingSimulator/FinalProject/Assets
GfxDevice: creating device client; threaded=0; jobified=0
Direct3D:
    Version:  Direct3D 11.0 [level 11.1]
    Renderer: Intel(R) Iris(R) Xe Graphics (ID=0xa7a0)
    Vendor:   Intel
    VRAM:     8033 MB
    Driver:   31.0.101.4032
Initialize mono
Mono path[0] = 'C:/Program Files/Unity/Hub/Editor/2022.3.42f1/Editor/Data/Managed'
Mono path[1] = 'C:/Program Files/Unity/Hub/Editor/2022.3.42f1/Editor/Data/MonoBleedingEdge/lib/mono/unityjit-win32'
Mono config path = 'C:/Program Files/Unity/Hub/Editor/2022.3.42f1/Editor/Data/MonoBleedingEdge/etc'
Using monoOptions --debugger-agent=transport=dt_socket,embedding=1,server=y,suspend=n,address=127.0.0.1:56184
Begin MonoManager ReloadAssembly
Registering precompiled unity dll's ...
Register platform support module: C:/Program Files/Unity/Hub/Editor/2022.3.42f1/Editor/Data/PlaybackEngines/AndroidPlayer/UnityEditor.Android.Extensions.dll
Register platform support module: C:/Program Files/Unity/Hub/Editor/2022.3.42f1/Editor/Data/PlaybackEngines/WindowsStandaloneSupport/UnityEditor.WindowsStandalone.Extensions.dll
Registered in 0.008758 seconds.
- Loaded All Assemblies, in  0.521 seconds
Native extension for WindowsStandalone target not found
Native extension for Android target not found
Android Extension - Scanning For ADB Devices 408 ms
Mono: successfully reloaded assembly
- Finished resetting the current domain, in  0.908 seconds
Domain Reload Profiling: 1428ms
	BeginReloadAssembly (159ms)
		ExecutionOrderSort (0ms)
		DisableScriptedObjects (0ms)
		BackupInstance (0ms)
		ReleaseScriptingObjects (0ms)
		CreateAndSetChildDomain (1ms)
	RebuildCommonClasses (48ms)
	RebuildNativeTypeToScriptingClass (15ms)
	initialDomainReloadingComplete (83ms)
	LoadAllAssembliesAndSetupDomain (214ms)
		LoadAssemblies (157ms)
		RebuildTransferFunctionScriptingTraits (0ms)
		AnalyzeDomain (211ms)
			TypeCache.Refresh (209ms)
				TypeCache.ScanAssembly (193ms)
			ScanForSourceGeneratedMonoScriptInfo (0ms)
			ResolveRequiredComponents (0ms)
	FinalizeReload (909ms)
		ReleaseScriptCaches (0ms)
		RebuildScriptCaches (0ms)
		SetupLoadedEditorAssemblies (846ms)
			LogAssemblyErrors (0ms)
			InitializePlatformSupportModulesInManaged (558ms)
			SetLoadedEditorAssemblies (6ms)
			RefreshPlugins (0ms)
			BeforeProcessingInitializeOnLoad (3ms)
			ProcessInitializeOnLoadAttributes (206ms)
			ProcessInitializeOnLoadMethodAttributes (74ms)
			AfterProcessingInitializeOnLoad (0ms)
			EditorAssembliesLoaded (0ms)
		ExecutionOrderSort2 (0ms)
		AwakeInstancesAfterBackupRestoration (0ms)
========================================================================
Worker process is ready to serve import requests
Caller must complete domain reload
Begin MonoManager ReloadAssembly
Symbol file data-000001D80471D8A0 doesn't match image C:\KJW\24-2\VR\Project\ParkingSimulator\FinalProject\Library\ScriptAssemblies\Unity.EditorCoroutines.Editor.dll
Symbol file LoadedFromMemory is not a mono symbol file
Symbol file data-000001D804528010 doesn't match image C:\KJW\24-2\VR\Project\ParkingSimulator\FinalProject\Library\ScriptAssemblies\Unity.Timeline.Editor.dll
Symbol file LoadedFromMemory is not a mono symbol file
Symbol file data-000001D8047940D0 doesn't match image C:\KJW\24-2\VR\Project\ParkingSimulator\FinalProject\Library\ScriptAssemblies\Unity.VisualScripting.Shared.Editor.dll
Symbol file LoadedFromMemory is not a mono symbol file
Symbol file data-000001D804AE9E20 doesn't match image C:\KJW\24-2\VR\Project\ParkingSimulator\FinalProject\Library\ScriptAssemblies\Unity.VisualStudio.Editor.dll
Symbol file LoadedFromMemory is not a mono symbol file
Symbol file data-000001D8047940D0 doesn't match image C:\KJW\24-2\VR\Project\ParkingSimulator\FinalProject\Library\ScriptAssemblies\UnityEditor.UI.dll
Symbol file LoadedFromMemory is not a mono symbol file
Symbol file data-000001D804528010 doesn't match image C:\KJW\24-2\VR\Project\ParkingSimulator\FinalProject\Library\ScriptAssemblies\Unity.VisualScripting.Core.dll
Symbol file LoadedFromMemory is not a mono symbol file
Symbol file data-000001D804528010 doesn't match image C:\KJW\24-2\VR\Project\ParkingSimulator\FinalProject\Library\ScriptAssemblies\Unity.VisualScripting.Core.Editor.dll
Symbol file LoadedFromMemory is not a mono symbol file
Symbol file data-000001D8047940D0 doesn't match image C:\KJW\24-2\VR\Project\ParkingSimulator\FinalProject\Library\ScriptAssemblies\Unity.Rider.Editor.dll
Symbol file LoadedFromMemory is not a mono symbol file
Symbol file data-000001D805D71F90 doesn't match image C:\KJW\24-2\VR\Project\ParkingSimulator\FinalProject\Library\ScriptAssemblies\Unity.VisualScripting.Flow.dll
Symbol file LoadedFromMemory is not a mono symbol file
Symbol file data-000001D804DB5020 doesn't match image C:\KJW\24-2\VR\Project\ParkingSimulator\FinalProject\Library\ScriptAssemblies\Unity.VisualScripting.Flow.Editor.dll
Symbol file LoadedFromMemory is not a mono symbol file
Symbol file data-000001D7E2B041E0 doesn't match image C:\KJW\24-2\VR\Project\ParkingSimulator\FinalProject\Library\ScriptAssemblies\Unity.Timeline.dll
Symbol file LoadedFromMemory is not a mono symbol file
Symbol file data-000001D8047940D0 doesn't match image C:\KJW\24-2\VR\Project\ParkingSimulator\FinalProject\Library\ScriptAssemblies\Unity.TestTools.CodeCoverage.Editor.OpenCover.Mono.Reflection.dll
Symbol file LoadedFromMemory is not a mono symbol file
Symbol file data-000001D8047988E0 doesn't match image C:\KJW\24-2\VR\Project\ParkingSimulator\FinalProject\Library\ScriptAssemblies\Unity.VisualScripting.SettingsProvider.Editor.dll
Symbol file LoadedFromMemory is not a mono symbol file
Symbol file data-000001D804E1A240 doesn't match image C:\KJW\24-2\VR\Project\ParkingSimulator\FinalProject\Library\ScriptAssemblies\Unity.Performance.Profile-Analyzer.Editor.dll
Symbol file LoadedFromMemory is not a mono symbol file
Symbol file data-000001D804E20C50 doesn't match image C:\KJW\24-2\VR\Project\ParkingSimulator\FinalProject\Library\ScriptAssemblies\Unity.TestTools.CodeCoverage.Editor.OpenCover.Model.dll
Symbol file LoadedFromMemory is not a mono symbol file
Symbol file data-000001D7E202F220 doesn't match image C:\KJW\24-2\VR\Project\ParkingSimulator\FinalProject\Library\ScriptAssemblies\Unity.PlasticSCM.Editor.dll
Symbol file LoadedFromMemory is not a mono symbol file
Symbol file data-000001D7E2078850 doesn't match image C:\KJW\24-2\VR\Project\ParkingSimulator\FinalProject\Library\ScriptAssemblies\Unity.VisualScripting.State.Editor.dll
Symbol file LoadedFromMemory is not a mono symbol file
Symbol file data-000001D804E31340 doesn't match image C:\KJW\24-2\VR\Project\ParkingSimulator\FinalProject\Library\ScriptAssemblies\Unity.Settings.Editor.dll
Symbol file LoadedFromMemory is not a mono symbol file
Symbol file data-000001D7E2082C60 doesn't match image C:\KJW\24-2\VR\Project\ParkingSimulator\FinalProject\Library\ScriptAssemblies\Unity.CollabProxy.Editor.dll
Symbol file LoadedFromMemory is not a mono symbol file
Symbol file data-000001D8066A61A0 doesn't match image C:\KJW\24-2\VR\Project\ParkingSimulator\FinalProject\Library\ScriptAssemblies\Unity.TextMeshPro.dll
Symbol file LoadedFromMemory is not a mono symbol file
Symbol file data-000001D7E2082C60 doesn't match image C:\KJW\24-2\VR\Project\ParkingSimulator\FinalProject\Library\ScriptAssemblies\Unity.TextMeshPro.Editor.dll
Symbol file LoadedFromMemory is not a mono symbol file
Symbol file data-000001D8066BE1F0 doesn't match image C:\KJW\24-2\VR\Project\ParkingSimulator\FinalProject\Library\ScriptAssemblies\Unity.VisualScripting.State.dll
Symbol file LoadedFromMemory is not a mono symbol file
Symbol file data-000001D8066CA000 doesn't match image C:\KJW\24-2\VR\Project\ParkingSimulator\FinalProject\Library\ScriptAssemblies\Unity.VSCode.Editor.dll
Symbol file LoadedFromMemory is not a mono symbol file
- Loaded All Assemblies, in  0.917 seconds
Native extension for WindowsStandalone target not found
Native extension for Android target not found
Mono: successfully reloaded assembly
- Finished resetting the current domain, in  0.847 seconds
Domain Reload Profiling: 1761ms
	BeginReloadAssembly (210ms)
		ExecutionOrderSort (0ms)
		DisableScriptedObjects (9ms)
		BackupInstance (0ms)
		ReleaseScriptingObjects (0ms)
		CreateAndSetChildDomain (36ms)
	RebuildCommonClasses (51ms)
	RebuildNativeTypeToScriptingClass (13ms)
	initialDomainReloadingComplete (51ms)
	LoadAllAssembliesAndSetupDomain (587ms)
		LoadAssemblies (411ms)
		RebuildTransferFunctionScriptingTraits (0ms)
		AnalyzeDomain (289ms)
			TypeCache.Refresh (246ms)
				TypeCache.ScanAssembly (227ms)
			ScanForSourceGeneratedMonoScriptInfo (29ms)
			ResolveRequiredComponents (11ms)
	FinalizeReload (848ms)
		ReleaseScriptCaches (0ms)
		RebuildScriptCaches (0ms)
		SetupLoadedEditorAssemblies (675ms)
			LogAssemblyErrors (0ms)
			InitializePlatformSupportModulesInManaged (32ms)
			SetLoadedEditorAssemblies (4ms)
			RefreshPlugins (0ms)
			BeforeProcessingInitializeOnLoad (92ms)
			ProcessInitializeOnLoadAttributes (457ms)
			ProcessInitializeOnLoadMethodAttributes (85ms)
			AfterProcessingInitializeOnLoad (6ms)
			EditorAssembliesLoaded (0ms)
		ExecutionOrderSort2 (0ms)
		AwakeInstancesAfterBackupRestoration (8ms)
Failed to load shader (instanceID 474, GUID 5f1864addb451f54bae8c86d230f736e)
Failed to load shader (instanceID 548, GUID 8516d7a69675844a7a0b7095af7c46af)
Failed to load shader (instanceID 580, GUID c8b6a681c7b4e2e4785ffab093907f9e)
Failed to load shader (instanceID 434, GUID ec9fec698a3456d4fb18cf8bacb7a2bc)
Failed to load shader (instanceID 466, GUID 5e7134d6e63e0bc47a1dd2669cedb379)
Failed to load shader (instanceID 498, GUID 0f4122b9a743b744abe2fb6a0a88868b)
Failed to load shader (instanceID 460, GUID d5a307c014552314b9f560906d708772)
Failed to load shader (instanceID 578, GUID 21322c8b137c66e49b86085d3c8161f6)
Failed to load shader (instanceID 586, GUID 0a7e590f3cf1d4ee8a8fab5b6eff09ef)
Failed to load shader (instanceID 426, GUID d6dae50ee9e1bfa4db75f19f99355220)
Failed to load shader (instanceID 522, GUID 573620ae32aec764abd4d728906d2587)
Failed to load shader (instanceID 432, GUID 65df88701913c224d95fc554db28381a)
Failed to load shader (instanceID 596, GUID 650dd9526735d5b46b79224bc6e94025)
Failed to load shader (instanceID 468, GUID 2aed67ad60045d54ba3a00c91e2d2631)
Failed to load shader (instanceID 590, GUID 74b1585886a85614aa34e2c8e303c77a)
Failed to load shader (instanceID 480, GUID e8ee25143a34b8c4388709ea947055d1)
Failed to load shader (instanceID 552, GUID 8fbe92a9edfe6074e841d6dd1509bc59)
Failed to load shader (instanceID 462, GUID 1121bb4e615ca3c48b214e79e841e823)
Failed to load shader (instanceID 430, GUID 04c410c9937594faa893a11dceb85f7e)
Failed to load shader (instanceID 528, GUID a16365e8c873daa4c94919438490b905)
Failed to load shader (instanceID 458, GUID 4431b1f1f743fbf4eb310a967890cbea)
Failed to load shader (instanceID 504, GUID e9155b26e1bc55942a41e518703fe304)
Failed to load shader (instanceID 554, GUID 5caf62d8bd7c44596ace77ef9eb8ea31)
Failed to load shader (instanceID 492, GUID f6783ab646d374f94b199774402a5144)
Failed to load shader (instanceID 564, GUID 77cfa04f893eb8745b6a454a3d51b43c)
Failed to load shader (instanceID 598, GUID 19dfbb09098c9584a83c956fbd6c5d79)
Failed to load shader (instanceID 454, GUID 8d2bb70cbf9db8d4da26e15b26e74248)
Failed to load shader (instanceID 530, GUID 0d0f817524897904ba47a6a1d55e7668)
Failed to load shader (instanceID 506, GUID e6e9a19c3678ded42a3bc431ebef7dbd)
Failed to load shader (instanceID 512, GUID d104b2fc1ca6445babb8e90b0758136b)
Failed to load shader (instanceID 436, GUID e7857e9d0c934dc4f83f270f8447b006)
Failed to load shader (instanceID 450, GUID 69c1f799e772cb6438f56c23efccb782)
Failed to load shader (instanceID 588, GUID ee7e4c9a5f6364b688a332c67fc32cca)
Failed to load shader (instanceID 594, GUID de02b375720b5c445afe83cd483bedf3)
Failed to load shader (instanceID 510, GUID 93446b5c5339d4f00b85c159e1159b7c)
Failed to load shader (instanceID 508, GUID 5fd9a8feb75a4b5894c241777f519d4e)
Failed to load shader (instanceID 584, GUID da07703fcc09f8d4799221050659bd55)
Failed to load shader (instanceID 446, GUID e8b802ac01d87144b91f12f40c1f2659)
Failed to load shader (instanceID 600, GUID 2df96b66b5510f94b98df2ac6f926ef4)
Failed to load shader (instanceID 526, GUID 61e53729ad706d049b12a441f328fe34)
Failed to load shader (instanceID 556, GUID e35a31e1679aeff489e202f5cc4853d5)
Failed to load shader (instanceID 544, GUID 36e335017ad71d54fbb10842863188ae)
Failed to load shader (instanceID 496, GUID 29868e73b638e48ca99a19ea58c48d90)
Failed to load shader (instanceID 478, GUID 6cda457ac28612740adb23da5d39ea92)
Failed to load shader (instanceID 540, GUID 50b406436c6214c49aaaa6011b71dde8)
Failed to load shader (instanceID 566, GUID ce09d4a80b88c5a4eb9768fab4f1ee00)
Failed to load shader (instanceID 440, GUID e39bd598ce13f44ba8af997d3e42cd18)
Failed to load shader (instanceID 476, GUID 131f1b93a4ebd459ba87b6bad055fb33)
Failed to load shader (instanceID 456, GUID 13c02b14c4d048fa9653293d54f6e0e1)
Failed to load shader (instanceID 532, GUID 4386e57b23a56004c93e1d57d2bbcb4f)
Failed to load shader (instanceID 570, GUID 44fc62292b65ab04eabcf310e799ccf6)
Failed to load shader (instanceID 592, GUID c7d04ca57e5449d49ad9cee1c604bc26)
Failed to load shader (instanceID 536, GUID 0ca6dca7396eb48e5849247ffd444914)
Failed to load shader (instanceID 558, GUID b7839dad95683814aa64166edc107ae2)
Failed to load shader (instanceID 574, GUID d79e1c784eaf80c4585c0be7391f757a)
Failed to load shader (instanceID 502, GUID cf852408f2e174538bcd9b7fda1c5ae7)
Failed to load shader (instanceID 482, GUID 562b7ae4f629f144aa97780546fce7c6)
Failed to load shader (instanceID 546, GUID f056d8bd2a1c7e44e9729144b4c70395)
Failed to load shader (instanceID 452, GUID e260cfa7296ee7642b167f1eb5be5023)
Failed to load shader (instanceID 448, GUID 0406db5a14f94604a8c57ccfbc9f3b46)
Failed to load shader (instanceID 534, GUID 95e15a77195eb574ab82aaac18b1c796)
Failed to load shader (instanceID 568, GUID 0849e84e3d62649e8882e9d6f056a017)
Failed to load shader (instanceID 602, GUID 77774d9009bb81447b048c907d4c6273)
Failed to load shader (instanceID 576, GUID 99134b1f0c27d54469a840832a28fadf)
Failed to load shader (instanceID 572, GUID 5ec81c81908db34429b4f6ddecadd3bd)
Failed to load shader (instanceID 470, GUID 1edcd131364091c46a17cbff0b1de97a)
Failed to load shader (instanceID 518, GUID 7f888aff2ac86494babad1c2c5daeee2)
Failed to load shader (instanceID 464, GUID 63eaba0ebfb82cc43bde059b4a8c65f6)
Failed to load shader (instanceID 442, GUID 60e10855641b4d84da68ec72e6f6eeb8)
Failed to load shader (instanceID 424, GUID c17132b1f77d20942aa75f8429c0f8bc)
Failed to load shader (instanceID 484, GUID c49e63ed1bbcb334780a3bd19dfed403)
Failed to load shader (instanceID 520, GUID a89bee29cffa951418fc1e2da94d1959)
Failed to load shader (instanceID 514, GUID c56b7e0d4c7cb484e959caeeedae9bbf)
Failed to load shader (instanceID 472, GUID a15b78cf8ca26ca4fb2090293153c62c)
Failed to load shader (instanceID 418, GUID 933532a4fcc9baf4fa0491de14d08ed7)
Failed to load shader (instanceID 494, GUID e507fdfead5ca47e8b9a768b51c291a1)
Failed to load shader (instanceID 516, GUID 7b3ede40266cd49a395def176e1bc486)
Failed to load shader (instanceID 538, GUID 7e60080c8cd24a2468cb08b4bfee5606)
Failed to load shader (instanceID 428, GUID 0f854b35a0cf61a429bd5dcfea30eddd)
Launched and connected shader compiler UnityShaderCompiler.exe after 0.07 seconds
Refreshing native plugins compatible for Editor in 6.73 ms, found 3 plugins.
Preloading 0 native plugins for Editor in 0.00 ms.
Unloading 3120 Unused Serialized files (Serialized files now loaded: 0)
Unloading 19 unused Assets / (54.6 KB). Loaded Objects now: 3595.
Memory consumption went from 137.7 MB to 137.6 MB.
Total: 4.511100 ms (FindLiveObjects: 0.315100 ms CreateObjectMapping: 0.128000 ms MarkObjects: 3.937000 ms  DeleteObjects: 0.129500 ms)

AssetImportParameters requested are different than current active one (requested -> active):
  custom:container-demuxer-ogg: 62fdf1f143b41e24485cea50d1cbac27 -> 
  custom:video-decoder-ogg-theora: a1e56fd34408186e4bbccfd4996cb3dc -> 
  custom:framework-win-MediaFoundation: 216162199b28c13a410421893ffa2e32 -> 
  custom:CustomObjectIndexerAttribute: 72b91833f83ae208fae7752999fa3104 -> 
  custom:container-demuxer-webm: 4f35f7cbe854078d1ac9338744f61a02 -> 
  custom:container-muxer-webm: aa71ff27fc2769a1b78a27578f13a17b -> 
  custom:video-decoder-webm-vp8: 9c59270c3fd7afecdb556c50c9e8de78 -> 
  custom:SearchIndexIgnoredProperties: e643bd26f0fe6173181afceb89e7c659 -> 
  custom:AudioImporter_EditorPlatform: d09bf68614088b80899f8185d706f6e7 -> 
  custom:video-encoder-webm-vp8: eb34c28f22e8b96e1ab97ce403110664 -> 
  custom:audio-decoder-ogg-vorbis: bf7c407c2cedff20999df2af8eb42d56 -> 
  custom:audio-encoder-webm-vorbis: bf7c407c2cedff20999df2af8eb42d56 -> 
========================================================================
Received Import Request.
  Time since last request: 1245.819938 seconds.
  path: Assets/Simple city plain/Prefabs
  artifactKey: Guid(9b3f41c9510b3cd43a8766a508dc6635) Importer(815301076,1909f56bfc062723c751e8b465ee728b)
Start importing Assets/Simple city plain/Prefabs using Guid(9b3f41c9510b3cd43a8766a508dc6635) Importer(815301076,1909f56bfc062723c751e8b465ee728b) [PhysX] Initialized MultithreadedTaskDispatcher with 16 workers.
 -> (artifact id: '9fa857a3bd6b0165adb25c579206073d') in 0.003011 seconds
Number of updated asset objects reloaded before import = 0
Number of asset objects unloaded after import = 0
========================================================================
Received Import Request.
  Time since last request: 4.708978 seconds.
  path: Assets/Simple city plain/Prefabs/Big_trash_bin prefab.prefab
  artifactKey: Guid(331560f2206dc024cb084301a19c05ad) Importer(815301076,1909f56bfc062723c751e8b465ee728b)
Start importing Assets/Simple city plain/Prefabs/Big_trash_bin prefab.prefab using Guid(331560f2206dc024cb084301a19c05ad) Importer(815301076,1909f56bfc062723c751e8b465ee728b) [PhysX] Initialized MultithreadedTaskDispatcher with 16 workers.
[PhysX] Initialized MultithreadedTaskDispatcher with 16 workers.
 -> (artifact id: 'c2a8c666292629ae4753ea056c2d083a') in 0.221370 seconds
Number of updated asset objects reloaded before import = 0
Number of asset objects unloaded after import = 24
========================================================================
Received Import Request.
  Time since last request: 0.000737 seconds.
  path: Assets/Simple city plain/Prefabs/Building_I_1_prefab.prefab
  artifactKey: Guid(931ecb32d754b3f40afc9a688c8cea66) Importer(815301076,1909f56bfc062723c751e8b465ee728b)
Start importing Assets/Simple city plain/Prefabs/Building_I_1_prefab.prefab using Guid(931ecb32d754b3f40afc9a688c8cea66) Importer(815301076,1909f56bfc062723c751e8b465ee728b) [PhysX] Initialized MultithreadedTaskDispatcher with 16 workers.
[PhysX] Initialized MultithreadedTaskDispatcher with 16 workers.
 -> (artifact id: '122bdaaaa3eb1113badeac6cc1164410') in 0.037453 seconds
Number of updated asset objects reloaded before import = 0
Number of asset objects unloaded after import = 23
========================================================================
Received Import Request.
  Time since last request: 0.000027 seconds.
  path: Assets/Simple city plain/Prefabs/Stone Floor prefab.prefab
  artifactKey: Guid(ffa4d200e6c7d9c4b90b3764b7ed86d4) Importer(815301076,1909f56bfc062723c751e8b465ee728b)
Start importing Assets/Simple city plain/Prefabs/Stone Floor prefab.prefab using Guid(ffa4d200e6c7d9c4b90b3764b7ed86d4) Importer(815301076,1909f56bfc062723c751e8b465ee728b) [PhysX] Initialized MultithreadedTaskDispatcher with 16 workers.
[PhysX] Initialized MultithreadedTaskDispatcher with 16 workers.
 -> (artifact id: 'ebb9a59d8c5759440fdab00dd222311d') in 0.037716 seconds
Number of updated asset objects reloaded before import = 0
Number of asset objects unloaded after import = 11
========================================================================
Received Import Request.
  Time since last request: 0.000033 seconds.
  path: Assets/Simple city plain/Prefabs/Building_M_prefab.prefab
  artifactKey: Guid(84bb406b82cecb24cb1ffe5d4359339d) Importer(815301076,1909f56bfc062723c751e8b465ee728b)
Start importing Assets/Simple city plain/Prefabs/Building_M_prefab.prefab using Guid(84bb406b82cecb24cb1ffe5d4359339d) Importer(815301076,1909f56bfc062723c751e8b465ee728b) [PhysX] Initialized MultithreadedTaskDispatcher with 16 workers.
[PhysX] Initialized MultithreadedTaskDispatcher with 16 workers.
 -> (artifact id: 'd3000b008977794889c64050674390f5') in 0.036492 seconds
Number of updated asset objects reloaded before import = 0
Number of asset objects unloaded after import = 17
========================================================================
Received Import Request.
  Time since last request: 0.000110 seconds.
  path: Assets/Simple city plain/Prefabs/Building_A1_prefab.prefab
  artifactKey: Guid(562df8355904213468a690c4ce6740b6) Importer(815301076,1909f56bfc062723c751e8b465ee728b)
Start importing Assets/Simple city plain/Prefabs/Building_A1_prefab.prefab using Guid(562df8355904213468a690c4ce6740b6) Importer(815301076,1909f56bfc062723c751e8b465ee728b) [PhysX] Initialized MultithreadedTaskDispatcher with 16 workers.
[PhysX] Initialized MultithreadedTaskDispatcher with 16 workers.
 -> (artifact id: '055b7007fe9855eaa162c0baf0e70e1b') in 0.027176 seconds
Number of updated asset objects reloaded before import = 0
Number of asset objects unloaded after import = 15
========================================================================
Received Import Request.
  Time since last request: 0.000024 seconds.
  path: Assets/Simple city plain/Prefabs/Pot_tree prefab.prefab
  artifactKey: Guid(8e00364320862a746a6e67a5af5e5979) Importer(815301076,1909f56bfc062723c751e8b465ee728b)
Start importing Assets/Simple city plain/Prefabs/Pot_tree prefab.prefab using Guid(8e00364320862a746a6e67a5af5e5979) Importer(815301076,1909f56bfc062723c751e8b465ee728b) [PhysX] Initialized MultithreadedTaskDispatcher with 16 workers.
[PhysX] Initialized MultithreadedTaskDispatcher with 16 workers.
 -> (artifact id: '4ca785899db388bccc158aaf21e459e6') in 0.159161 seconds
Number of updated asset objects reloaded before import = 0
Number of asset objects unloaded after import = 16
========================================================================
Received Import Request.
  Time since last request: 0.000024 seconds.
  path: Assets/Simple city plain/Prefabs/Sideway Prefab.prefab
  artifactKey: Guid(a9da80f587bbf9046aefc4a4cfb8a7fc) Importer(815301076,1909f56bfc062723c751e8b465ee728b)
Start importing Assets/Simple city plain/Prefabs/Sideway Prefab.prefab using Guid(a9da80f587bbf9046aefc4a4cfb8a7fc) Importer(815301076,1909f56bfc062723c751e8b465ee728b) [PhysX] Initialized MultithreadedTaskDispatcher with 16 workers.
[PhysX] Initialized MultithreadedTaskDispatcher with 16 workers.
 -> (artifact id: '597b7402e26a674c674733a86e27fdd3') in 0.066038 seconds
Number of updated asset objects reloaded before import = 0
Number of asset objects unloaded after import = 13
========================================================================
Received Import Request.
  Time since last request: 0.000040 seconds.
  path: Assets/Simple city plain/Prefabs/street_lamp 1 prefab.prefab
  artifactKey: Guid(6825a3fe8a1605f42a0d0589e582ac40) Importer(815301076,1909f56bfc062723c751e8b465ee728b)
Start importing Assets/Simple city plain/Prefabs/street_lamp 1 prefab.prefab using Guid(6825a3fe8a1605f42a0d0589e582ac40) Importer(815301076,1909f56bfc062723c751e8b465ee728b) [PhysX] Initialized MultithreadedTaskDispatcher with 16 workers.
[PhysX] Initialized MultithreadedTaskDispatcher with 16 workers.
 -> (artifact id: 'a374b63137a865792f5d9af248cee911') in 0.069317 seconds
Number of updated asset objects reloaded before import = 0
Number of asset objects unloaded after import = 15
========================================================================
Received Import Request.
  Time since last request: 35.909494 seconds.
  path: Assets/CS - Signs Free/Prefabs/Freeway/Sign_Speed_25.prefab
  artifactKey: Guid(5fa9b8c052676f141a47c70fd1cfae46) Importer(815301076,1909f56bfc062723c751e8b465ee728b)
Start importing Assets/CS - Signs Free/Prefabs/Freeway/Sign_Speed_25.prefab using Guid(5fa9b8c052676f141a47c70fd1cfae46) Importer(815301076,1909f56bfc062723c751e8b465ee728b) [PhysX] Initialized MultithreadedTaskDispatcher with 16 workers.
[PhysX] Initialized MultithreadedTaskDispatcher with 16 workers.
 -> (artifact id: '7990f2a62038e0f2cb55502b9055d596') in 0.104527 seconds
Number of updated asset objects reloaded before import = 0
Number of asset objects unloaded after import = 40
========================================================================
Received Import Request.
  Time since last request: 0.000026 seconds.
  path: Assets/CS - Signs Free/Prefabs/Freeway/Sign_Speed_55.prefab
  artifactKey: Guid(4d332638ec1e8d84cbf74db4f7429891) Importer(815301076,1909f56bfc062723c751e8b465ee728b)
Start importing Assets/CS - Signs Free/Prefabs/Freeway/Sign_Speed_55.prefab using Guid(4d332638ec1e8d84cbf74db4f7429891) Importer(815301076,1909f56bfc062723c751e8b465ee728b) [PhysX] Initialized MultithreadedTaskDispatcher with 16 workers.
[PhysX] Initialized MultithreadedTaskDispatcher with 16 workers.
 -> (artifact id: '4e39c62a0a60c4f192086e9454b8818a') in 0.084386 seconds
Number of updated asset objects reloaded before import = 0
Number of asset objects unloaded after import = 40
========================================================================
Received Import Request.
  Time since last request: 5.852805 seconds.
  path: Assets/CS - Signs Free/Prefabs/Sm-Med/Sign_Added_Lane_2.prefab
  artifactKey: Guid(7d25e7f0b67ac3242a40b6cc23265218) Importer(815301076,1909f56bfc062723c751e8b465ee728b)
Start importing Assets/CS - Signs Free/Prefabs/Sm-Med/Sign_Added_Lane_2.prefab using Guid(7d25e7f0b67ac3242a40b6cc23265218) Importer(815301076,1909f56bfc062723c751e8b465ee728b) [PhysX] Initialized MultithreadedTaskDispatcher with 16 workers.
[PhysX] Initialized MultithreadedTaskDispatcher with 16 workers.
 -> (artifact id: 'b2a8c6d8ee1181c15c576d2b381653a9') in 0.045525 seconds
Number of updated asset objects reloaded before import = 0
Number of asset objects unloaded after import = 40
========================================================================
Received Import Request.
  Time since last request: 0.000038 seconds.
  path: Assets/CS - Signs Free/Prefabs/Sm-Med/Sign_Crossroad.prefab
  artifactKey: Guid(e8587009c220d67439aacb895efab706) Importer(815301076,1909f56bfc062723c751e8b465ee728b)
Start importing Assets/CS - Signs Free/Prefabs/Sm-Med/Sign_Crossroad.prefab using Guid(e8587009c220d67439aacb895efab706) Importer(815301076,1909f56bfc062723c751e8b465ee728b) [PhysX] Initialized MultithreadedTaskDispatcher with 16 workers.
[PhysX] Initialized MultithreadedTaskDispatcher with 16 workers.
 -> (artifact id: '10addef076c27868a6f039679ab6dee7') in 0.043635 seconds
Number of updated asset objects reloaded before import = 0
Number of asset objects unloaded after import = 40
========================================================================
Received Import Request.
  Time since last request: 0.000049 seconds.
  path: Assets/CS - Signs Free/Prefabs/Sm-Med/Sign_Hill.prefab
  artifactKey: Guid(f521e80c06d74b64aabd1d04275cbaeb) Importer(815301076,1909f56bfc062723c751e8b465ee728b)
Start importing Assets/CS - Signs Free/Prefabs/Sm-Med/Sign_Hill.prefab using Guid(f521e80c06d74b64aabd1d04275cbaeb) Importer(815301076,1909f56bfc062723c751e8b465ee728b) [PhysX] Initialized MultithreadedTaskDispatcher with 16 workers.
[PhysX] Initialized MultithreadedTaskDispatcher with 16 workers.
 -> (artifact id: '52b8e271b23ea72141431983f3e51df6') in 0.044430 seconds
Number of updated asset objects reloaded before import = 0
Number of asset objects unloaded after import = 40
========================================================================
Received Import Request.
  Time since last request: 0.000027 seconds.
  path: Assets/CS - Signs Free/Prefabs/Sm-Med/Sign_Merge.prefab
  artifactKey: Guid(a7f500579b1303a41bc16f041198ace0) Importer(815301076,1909f56bfc062723c751e8b465ee728b)
Start importing Assets/CS - Signs Free/Prefabs/Sm-Med/Sign_Merge.prefab using Guid(a7f500579b1303a41bc16f041198ace0) Importer(815301076,1909f56bfc062723c751e8b465ee728b) [PhysX] Initialized MultithreadedTaskDispatcher with 16 workers.
[PhysX] Initialized MultithreadedTaskDispatcher with 16 workers.
 -> (artifact id: 'd3c7267d5632ea4742bd8670b1621cb0') in 0.047678 seconds
Number of updated asset objects reloaded before import = 0
Number of asset objects unloaded after import = 40
========================================================================
Received Import Request.
  Time since last request: 0.000040 seconds.
  path: Assets/CS - Signs Free/Prefabs/Sm-Med/Sign_No_U_Turn.prefab
  artifactKey: Guid(75c592e102b5ca648b45c48e1bf60f2d) Importer(815301076,1909f56bfc062723c751e8b465ee728b)
Start importing Assets/CS - Signs Free/Prefabs/Sm-Med/Sign_No_U_Turn.prefab using Guid(75c592e102b5ca648b45c48e1bf60f2d) Importer(815301076,1909f56bfc062723c751e8b465ee728b) [PhysX] Initialized MultithreadedTaskDispatcher with 16 workers.
[PhysX] Initialized MultithreadedTaskDispatcher with 16 workers.
 -> (artifact id: '7af9b2c2425131ffb6b89df4a4cb4cd9') in 0.089086 seconds
Number of updated asset objects reloaded before import = 0
Number of asset objects unloaded after import = 40
========================================================================
Received Import Request.
  Time since last request: 469.756278 seconds.
  path: Assets/small_town_america
  artifactKey: Guid(2e33e00c4a0860745904954d7eaafae9) Importer(815301076,1909f56bfc062723c751e8b465ee728b)
Start importing Assets/small_town_america using Guid(2e33e00c4a0860745904954d7eaafae9) Importer(815301076,1909f56bfc062723c751e8b465ee728b) [PhysX] Initialized MultithreadedTaskDispatcher with 16 workers.
 -> (artifact id: '3ab88f4795a3faf24567e9de629e97df') in 0.002042 seconds
Number of updated asset objects reloaded before import = 0
Number of asset objects unloaded after import = 0
========================================================================
Received Import Request.
  Time since last request: 1.084109 seconds.
  path: Assets/small_town_america/general
  artifactKey: Guid(f1a220ad9fd6b86468679b4aecd43192) Importer(815301076,1909f56bfc062723c751e8b465ee728b)
Start importing Assets/small_town_america/general using Guid(f1a220ad9fd6b86468679b4aecd43192) Importer(815301076,1909f56bfc062723c751e8b465ee728b) [PhysX] Initialized MultithreadedTaskDispatcher with 16 workers.
 -> (artifact id: 'dd8d1ddce5e2dee273fb5bbb1e66290b') in 0.001169 seconds
Number of updated asset objects reloaded before import = 0
Number of asset objects unloaded after import = 0
========================================================================
Received Import Request.
  Time since last request: 1.554875 seconds.
  path: Assets/small_town_america/general/models
  artifactKey: Guid(7699945ba0a106d478bb4b7d606551ce) Importer(815301076,1909f56bfc062723c751e8b465ee728b)
Start importing Assets/small_town_america/general/models using Guid(7699945ba0a106d478bb4b7d606551ce) Importer(815301076,1909f56bfc062723c751e8b465ee728b) [PhysX] Initialized MultithreadedTaskDispatcher with 16 workers.
 -> (artifact id: 'bbd1d534b8cb21e19999df6e0dcd6469') in 0.001429 seconds
Number of updated asset objects reloaded before import = 0
Number of asset objects unloaded after import = 0
========================================================================
Received Import Request.
  Time since last request: 1.869838 seconds.
  path: Assets/small_town_america/general/models/street
  artifactKey: Guid(6a9a29495fcc4f14bba5676105ee0880) Importer(815301076,1909f56bfc062723c751e8b465ee728b)
Start importing Assets/small_town_america/general/models/street using Guid(6a9a29495fcc4f14bba5676105ee0880) Importer(815301076,1909f56bfc062723c751e8b465ee728b) [PhysX] Initialized MultithreadedTaskDispatcher with 16 workers.
 -> (artifact id: 'a4ac9cc2f9f7ae0182f0609da8e374c3') in 0.001538 seconds
Number of updated asset objects reloaded before import = 0
Number of asset objects unloaded after import = 0
========================================================================
Received Import Request.
  Time since last request: 0.148415 seconds.
  path: Assets/small_town_america/general/models/street/general_street_3_way_no_markings.fbx
  artifactKey: Guid(a59e957ec778e414ca2e08aafb2a2817) Importer(815301076,1909f56bfc062723c751e8b465ee728b)
Start importing Assets/small_town_america/general/models/street/general_street_3_way_no_markings.fbx using Guid(a59e957ec778e414ca2e08aafb2a2817) Importer(815301076,1909f56bfc062723c751e8b465ee728b) [PhysX] Initialized MultithreadedTaskDispatcher with 16 workers.
[PhysX] Initialized MultithreadedTaskDispatcher with 16 workers.
[PhysX] Initialized MultithreadedTaskDispatcher with 16 workers.
 -> (artifact id: '241598bba5b3abff7220d2b742a2f911') in 0.695215 seconds
Number of updated asset objects reloaded before import = 0
Number of asset objects unloaded after import = 11
========================================================================
Received Import Request.
  Time since last request: 0.000081 seconds.
  path: Assets/small_town_america/general/models/street/general_street_straight_no_markings.fbx
  artifactKey: Guid(e77c4602354e0354baffa6967d57b0d2) Importer(815301076,1909f56bfc062723c751e8b465ee728b)
Start importing Assets/small_town_america/general/models/street/general_street_straight_no_markings.fbx using Guid(e77c4602354e0354baffa6967d57b0d2) Importer(815301076,1909f56bfc062723c751e8b465ee728b) [PhysX] Initialized MultithreadedTaskDispatcher with 16 workers.
[PhysX] Initialized MultithreadedTaskDispatcher with 16 workers.
[PhysX] Initialized MultithreadedTaskDispatcher with 16 workers.
 -> (artifact id: '9dacd4aa5013614a5a657853c0765240') in 0.099128 seconds
Number of updated asset objects reloaded before import = 0
Number of asset objects unloaded after import = 11
========================================================================
Received Import Request.
  Time since last request: 0.000093 seconds.
  path: Assets/small_town_america/general/models/street/general_street_straight_w_sidewalk.fbx
  artifactKey: Guid(b3d4034243f222040b4d93939101cfee) Importer(815301076,1909f56bfc062723c751e8b465ee728b)
Start importing Assets/small_town_america/general/models/street/general_street_straight_w_sidewalk.fbx using Guid(b3d4034243f222040b4d93939101cfee) Importer(815301076,1909f56bfc062723c751e8b465ee728b) [PhysX] Initialized MultithreadedTaskDispatcher with 16 workers.
[PhysX] Initialized MultithreadedTaskDispatcher with 16 workers.
[PhysX] Initialized MultithreadedTaskDispatcher with 16 workers.
 -> (artifact id: 'ca6ecb347557cfcf5d097c06834d9d6e') in 0.116306 seconds
Number of updated asset objects reloaded before import = 0
Number of asset objects unloaded after import = 15
========================================================================
Received Import Request.
  Time since last request: 0.000054 seconds.
  path: Assets/small_town_america/general/models/street/general_street_crossing_w_sidewalk.fbx
  artifactKey: Guid(321883f7aba6cbb4488b5f2c40654ace) Importer(815301076,1909f56bfc062723c751e8b465ee728b)
Start importing Assets/small_town_america/general/models/street/general_street_crossing_w_sidewalk.fbx using Guid(321883f7aba6cbb4488b5f2c40654ace) Importer(815301076,1909f56bfc062723c751e8b465ee728b) [PhysX] Initialized MultithreadedTaskDispatcher with 16 workers.
[PhysX] Initialized MultithreadedTaskDispatcher with 16 workers.
[PhysX] Initialized MultithreadedTaskDispatcher with 16 workers.
 -> (artifact id: '4ad6dd80ba6c6ee5ecc50ee627362b41') in 0.088013 seconds
Number of updated asset objects reloaded before import = 0
Number of asset objects unloaded after import = 15
========================================================================
Received Import Request.
  Time since last request: 0.000047 seconds.
  path: Assets/small_town_america/general/models/street/general_street_crossing_no_markings.fbx
  artifactKey: Guid(89ddfff65d6074a41a2f3f1b7c8bc51c) Importer(815301076,1909f56bfc062723c751e8b465ee728b)
Start importing Assets/small_town_america/general/models/street/general_street_crossing_no_markings.fbx using Guid(89ddfff65d6074a41a2f3f1b7c8bc51c) Importer(815301076,1909f56bfc062723c751e8b465ee728b) [PhysX] Initialized MultithreadedTaskDispatcher with 16 workers.
[PhysX] Initialized MultithreadedTaskDispatcher with 16 workers.
[PhysX] Initialized MultithreadedTaskDispatcher with 16 workers.
 -> (artifact id: 'bae4bda44daa050e58b0f67171cb12f1') in 0.057219 seconds
Number of updated asset objects reloaded before import = 0
Number of asset objects unloaded after import = 11
========================================================================
Received Import Request.
  Time since last request: 0.000030 seconds.
  path: Assets/small_town_america/general/models/street/general_street_corner_no_sidewalk.fbx
  artifactKey: Guid(5c0b1057a51cdfe4f9d0e32b147efb4c) Importer(815301076,1909f56bfc062723c751e8b465ee728b)
Start importing Assets/small_town_america/general/models/street/general_street_corner_no_sidewalk.fbx using Guid(5c0b1057a51cdfe4f9d0e32b147efb4c) Importer(815301076,1909f56bfc062723c751e8b465ee728b) [PhysX] Initialized MultithreadedTaskDispatcher with 16 workers.
[PhysX] Initialized MultithreadedTaskDispatcher with 16 workers.
[PhysX] Initialized MultithreadedTaskDispatcher with 16 workers.
 -> (artifact id: '2afaaa1220379ecb103dc1034b1f2b25') in 0.101213 seconds
Number of updated asset objects reloaded before import = 0
Number of asset objects unloaded after import = 15
========================================================================
Received Import Request.
  Time since last request: 0.000051 seconds.
  path: Assets/small_town_america/general/models/street/general_street_straight_w_sidewalk_long.fbx
  artifactKey: Guid(0656a7e5759ccaf40a463b72bbf3a345) Importer(815301076,1909f56bfc062723c751e8b465ee728b)
Start importing Assets/small_town_america/general/models/street/general_street_straight_w_sidewalk_long.fbx using Guid(0656a7e5759ccaf40a463b72bbf3a345) Importer(815301076,1909f56bfc062723c751e8b465ee728b) [PhysX] Initialized MultithreadedTaskDispatcher with 16 workers.
[PhysX] Initialized MultithreadedTaskDispatcher with 16 workers.
[PhysX] Initialized MultithreadedTaskDispatcher with 16 workers.
 -> (artifact id: 'b20c07b65d0887a063329ccbb5d523b0') in 0.048767 seconds
Number of updated asset objects reloaded before import = 0
Number of asset objects unloaded after import = 15
========================================================================
Received Import Request.
  Time since last request: 0.000050 seconds.
  path: Assets/small_town_america/general/models/street/general_street_straight_no_sidewalk.fbx
  artifactKey: Guid(c24014bb2573314439344bb71ce5ef2e) Importer(815301076,1909f56bfc062723c751e8b465ee728b)
Start importing Assets/small_town_america/general/models/street/general_street_straight_no_sidewalk.fbx using Guid(c24014bb2573314439344bb71ce5ef2e) Importer(815301076,1909f56bfc062723c751e8b465ee728b) [PhysX] Initialized MultithreadedTaskDispatcher with 16 workers.
[PhysX] Initialized MultithreadedTaskDispatcher with 16 workers.
[PhysX] Initialized MultithreadedTaskDispatcher with 16 workers.
 -> (artifact id: '2095192e0903d4d9bf101ce961c70a0c') in 0.058174 seconds
Number of updated asset objects reloaded before import = 0
Number of asset objects unloaded after import = 15
========================================================================
Received Import Request.
  Time since last request: 5.383742 seconds.
  path: Assets/small_town_america/general/models/street_decal/general_street_decal_2.fbx
  artifactKey: Guid(72a63c892c9cc0644acf65c1a710feed) Importer(815301076,1909f56bfc062723c751e8b465ee728b)
Start importing Assets/small_town_america/general/models/street_decal/general_street_decal_2.fbx using Guid(72a63c892c9cc0644acf65c1a710feed) Importer(815301076,1909f56bfc062723c751e8b465ee728b) [PhysX] Initialized MultithreadedTaskDispatcher with 16 workers.
[PhysX] Initialized MultithreadedTaskDispatcher with 16 workers.
[PhysX] Initialized MultithreadedTaskDispatcher with 16 workers.
 -> (artifact id: 'de1f9c1cfe20d201ac90a859be6e9b7b') in 0.415741 seconds
Number of updated asset objects reloaded before import = 0
Number of asset objects unloaded after import = 11
========================================================================
Received Import Request.
  Time since last request: 3.527181 seconds.
  path: Assets/small_town_america/general/materials/general_damage_ground_1.mat
  artifactKey: Guid(f73cff647ed4f264bb55f23ca72992bc) Importer(815301076,1909f56bfc062723c751e8b465ee728b)
Start importing Assets/small_town_america/general/materials/general_damage_ground_1.mat using Guid(f73cff647ed4f264bb55f23ca72992bc) Importer(815301076,1909f56bfc062723c751e8b465ee728b) [PhysX] Initialized MultithreadedTaskDispatcher with 16 workers.
[PhysX] Initialized MultithreadedTaskDispatcher with 16 workers.
 -> (artifact id: '14163206ea5eb0b1add3c9dc53c96b4d') in 0.061249 seconds
Number of updated asset objects reloaded before import = 0
Number of asset objects unloaded after import = 4
========================================================================
Received Import Request.
  Time since last request: 0.000036 seconds.
  path: Assets/small_town_america/general/materials/general_flagpole_m.mat
  artifactKey: Guid(19c2479f4ac57894e9205d9238d25ec2) Importer(815301076,1909f56bfc062723c751e8b465ee728b)
Start importing Assets/small_town_america/general/materials/general_flagpole_m.mat using Guid(19c2479f4ac57894e9205d9238d25ec2) Importer(815301076,1909f56bfc062723c751e8b465ee728b) [PhysX] Initialized MultithreadedTaskDispatcher with 16 workers.
[PhysX] Initialized MultithreadedTaskDispatcher with 16 workers.
 -> (artifact id: 'd2f7d40985f15a5f57cc48ca976d3980') in 0.093592 seconds
Number of updated asset objects reloaded before import = 0
Number of asset objects unloaded after import = 4
========================================================================
Received Import Request.
  Time since last request: 0.000036 seconds.
  path: Assets/small_town_america/general/materials/road_signs_pole.mat
  artifactKey: Guid(d4b079e98d5b6f84f92664190ef95721) Importer(815301076,1909f56bfc062723c751e8b465ee728b)
Start importing Assets/small_town_america/general/materials/road_signs_pole.mat using Guid(d4b079e98d5b6f84f92664190ef95721) Importer(815301076,1909f56bfc062723c751e8b465ee728b) [PhysX] Initialized MultithreadedTaskDispatcher with 16 workers.
[PhysX] Initialized MultithreadedTaskDispatcher with 16 workers.
 -> (artifact id: 'cb4657491ce4a2ff8cc6bc22c65df084') in 0.392130 seconds
Number of updated asset objects reloaded before import = 0
Number of asset objects unloaded after import = 4
========================================================================
Received Import Request.
  Time since last request: 4.074631 seconds.
  path: Assets/small_town_america/general/textures/flagpole/general_flag_m.tga
  artifactKey: Guid(b884d242ad3ade54c8c597415fe18db5) Importer(815301076,1909f56bfc062723c751e8b465ee728b)
Start importing Assets/small_town_america/general/textures/flagpole/general_flag_m.tga using Guid(b884d242ad3ade54c8c597415fe18db5) Importer(815301076,1909f56bfc062723c751e8b465ee728b) [PhysX] Initialized MultithreadedTaskDispatcher with 16 workers.
[PhysX] Initialized MultithreadedTaskDispatcher with 16 workers.
 -> (artifact id: 'a7f4aca718b0b7a3df8cf1fa40607620') in 0.056066 seconds
Number of updated asset objects reloaded before import = 0
Number of asset objects unloaded after import = 2
========================================================================
Received Import Request.
  Time since last request: 0.000034 seconds.
  path: Assets/small_town_america/general/textures/flagpole/general_rope_flag_n.tga
  artifactKey: Guid(d65ef273ac764724894d280b22505082) Importer(815301076,1909f56bfc062723c751e8b465ee728b)
Start importing Assets/small_town_america/general/textures/flagpole/general_rope_flag_n.tga using Guid(d65ef273ac764724894d280b22505082) Importer(815301076,1909f56bfc062723c751e8b465ee728b) [PhysX] Initialized MultithreadedTaskDispatcher with 16 workers.
[PhysX] Initialized MultithreadedTaskDispatcher with 16 workers.
 -> (artifact id: '9e7fefac3db8c090420c43f2d786a434') in 0.058919 seconds
Number of updated asset objects reloaded before import = 0
Number of asset objects unloaded after import = 2
========================================================================
Received Import Request.
  Time since last request: 5.497133 seconds.
  path: Assets/small_town_america/general/textures/street_decals/general_street_decals_1_m.tga
  artifactKey: Guid(ca48787849a58414dbc45e9083d65245) Importer(815301076,1909f56bfc062723c751e8b465ee728b)
Start importing Assets/small_town_america/general/textures/street_decals/general_street_decals_1_m.tga using Guid(ca48787849a58414dbc45e9083d65245) Importer(815301076,1909f56bfc062723c751e8b465ee728b) [PhysX] Initialized MultithreadedTaskDispatcher with 16 workers.
[PhysX] Initialized MultithreadedTaskDispatcher with 16 workers.
 -> (artifact id: '46128963437dc609a1f97a5bbb5dee77') in 0.025146 seconds
Number of updated asset objects reloaded before import = 0
Number of asset objects unloaded after import = 2
========================================================================
Received Import Request.
  Time since last request: 0.000081 seconds.
  path: Assets/small_town_america/general/textures/street_decals/general_street_decals_2_m.tga
  artifactKey: Guid(bc55fd785672fa14ba4c05a61c1f6106) Importer(815301076,1909f56bfc062723c751e8b465ee728b)
Start importing Assets/small_town_america/general/textures/street_decals/general_street_decals_2_m.tga using Guid(bc55fd785672fa14ba4c05a61c1f6106) Importer(815301076,1909f56bfc062723c751e8b465ee728b) [PhysX] Initialized MultithreadedTaskDispatcher with 16 workers.
[PhysX] Initialized MultithreadedTaskDispatcher with 16 workers.
 -> (artifact id: '3050468ce727987dddcc23bf8562534a') in 0.028731 seconds
Number of updated asset objects reloaded before import = 0
Number of asset objects unloaded after import = 2
Editor requested this worker to shutdown with reason: Scaling down because of idle timeout
TcpMessagingSession - receive error
AssetImportWorkerClient::OnTransportError - code=2 error=End of file
AssetImportWorker is now disconnected from the server
Process exiting
Exiting without the bug reporter. Application will terminate with return code 0